{"/Users/jes/Source/markup/src/utils/cdn-base-path.ts": {"path":"/Users/jes/Source/markup/src/utils/cdn-base-path.ts","all":false,"statementMap":{"0":{"start":{"line":1,"column":0},"end":{"line":1,"column":66}},"1":{"start":{"line":2,"column":0},"end":{"line":2,"column":0}},"2":{"start":{"line":3,"column":0},"end":{"line":3,"column":36}},"3":{"start":{"line":4,"column":0},"end":{"line":4,"column":0}},"4":{"start":{"line":5,"column":0},"end":{"line":5,"column":47}},"5":{"start":{"line":6,"column":0},"end":{"line":6,"column":21}},"6":{"start":{"line":7,"column":0},"end":{"line":7,"column":2}},"7":{"start":{"line":8,"column":0},"end":{"line":8,"column":0}},"8":{"start":{"line":9,"column":0},"end":{"line":9,"column":61}},"9":{"start":{"line":10,"column":0},"end":{"line":10,"column":21}},"10":{"start":{"line":11,"column":0},"end":{"line":11,"column":84}},"11":{"start":{"line":12,"column":0},"end":{"line":12,"column":0}},"12":{"start":{"line":13,"column":0},"end":{"line":13,"column":98}},"13":{"start":{"line":14,"column":0},"end":{"line":14,"column":0}},"14":{"start":{"line":15,"column":0},"end":{"line":15,"column":23}},"15":{"start":{"line":16,"column":0},"end":{"line":16,"column":61}},"16":{"start":{"line":17,"column":0},"end":{"line":17,"column":12}},"17":{"start":{"line":18,"column":0},"end":{"line":18,"column":53}},"18":{"start":{"line":19,"column":0},"end":{"line":19,"column":126}},"19":{"start":{"line":20,"column":0},"end":{"line":20,"column":9}},"20":{"start":{"line":21,"column":0},"end":{"line":21,"column":0}},"21":{"start":{"line":22,"column":0},"end":{"line":22,"column":61}},"22":{"start":{"line":23,"column":0},"end":{"line":23,"column":0}},"23":{"start":{"line":24,"column":0},"end":{"line":24,"column":58}},"24":{"start":{"line":25,"column":0},"end":{"line":25,"column":5}},"25":{"start":{"line":26,"column":0},"end":{"line":26,"column":3}},"26":{"start":{"line":27,"column":0},"end":{"line":27,"column":0}},"27":{"start":{"line":28,"column":0},"end":{"line":28,"column":50}},"28":{"start":{"line":29,"column":0},"end":{"line":29,"column":56}},"29":{"start":{"line":30,"column":0},"end":{"line":30,"column":53}},"30":{"start":{"line":31,"column":0},"end":{"line":31,"column":0}},"31":{"start":{"line":32,"column":0},"end":{"line":32,"column":80}},"32":{"start":{"line":33,"column":0},"end":{"line":33,"column":1}}},"s":{"0":1,"1":1,"2":1,"3":1,"4":1,"5":14,"6":14,"7":1,"8":1,"9":8,"10":5,"11":5,"12":5,"13":5,"14":5,"15":2,"16":5,"17":3,"18":2,"19":3,"20":3,"21":3,"22":3,"23":3,"24":3,"25":5,"26":8,"27":8,"28":8,"29":8,"30":8,"31":8,"32":8},"branchMap":{"0":{"type":"branch","line":5,"loc":{"start":{"line":5,"column":27},"end":{"line":7,"column":2}},"locations":[{"start":{"line":5,"column":27},"end":{"line":7,"column":2}}]},"1":{"type":"branch","line":9,"loc":{"start":{"line":9,"column":7},"end":{"line":33,"column":1}},"locations":[{"start":{"line":9,"column":7},"end":{"line":33,"column":1}}]},"2":{"type":"branch","line":10,"loc":{"start":{"line":10,"column":20},"end":{"line":26,"column":3}},"locations":[{"start":{"line":10,"column":20},"end":{"line":26,"column":3}}]},"3":{"type":"branch","line":15,"loc":{"start":{"line":15,"column":22},"end":{"line":17,"column":11}},"locations":[{"start":{"line":15,"column":22},"end":{"line":17,"column":11}}]},"4":{"type":"branch","line":17,"loc":{"start":{"line":17,"column":4},"end":{"line":25,"column":5}},"locations":[{"start":{"line":17,"column":4},"end":{"line":25,"column":5}}]},"5":{"type":"branch","line":22,"loc":{"start":{"line":22,"column":19},"end":{"line":22,"column":48}},"locations":[{"start":{"line":22,"column":19},"end":{"line":22,"column":48}}]},"6":{"type":"branch","line":22,"loc":{"start":{"line":22,"column":53},"end":{"line":22,"column":61}},"locations":[{"start":{"line":22,"column":53},"end":{"line":22,"column":61}}]},"7":{"type":"branch","line":32,"loc":{"start":{"line":32,"column":9},"end":{"line":32,"column":71}},"locations":[{"start":{"line":32,"column":9},"end":{"line":32,"column":71}}]},"8":{"type":"branch","line":32,"loc":{"start":{"line":32,"column":67},"end":{"line":32,"column":80}},"locations":[{"start":{"line":32,"column":67},"end":{"line":32,"column":80}}]},"9":{"type":"branch","line":13,"loc":{"start":{"line":13,"column":38},"end":{"line":13,"column":96}},"locations":[{"start":{"line":13,"column":38},"end":{"line":13,"column":96}}]},"10":{"type":"branch","line":18,"loc":{"start":{"line":18,"column":42},"end":{"line":20,"column":7}},"locations":[{"start":{"line":18,"column":42},"end":{"line":20,"column":7}}]},"11":{"type":"branch","line":19,"loc":{"start":{"line":19,"column":61},"end":{"line":19,"column":126}},"locations":[{"start":{"line":19,"column":61},"end":{"line":19,"column":126}}]}},"b":{"0":[14],"1":[8],"2":[5],"3":[2],"4":[3],"5":[2],"6":[1],"7":[7],"8":[1],"9":[4],"10":[2],"11":[1]},"fnMap":{"0":{"name":"setBasePath","decl":{"start":{"line":5,"column":27},"end":{"line":7,"column":2}},"loc":{"start":{"line":5,"column":27},"end":{"line":7,"column":2}},"line":5},"1":{"name":"getBasePath","decl":{"start":{"line":9,"column":7},"end":{"line":33,"column":1}},"loc":{"start":{"line":9,"column":7},"end":{"line":33,"column":1}},"line":9}},"f":{"0":14,"1":8}}
,"/Users/jes/Source/markup/src/utils/constants.ts": {"path":"/Users/jes/Source/markup/src/utils/constants.ts","all":false,"statementMap":{"0":{"start":{"line":1,"column":0},"end":{"line":1,"column":34}},"1":{"start":{"line":2,"column":0},"end":{"line":2,"column":42}},"2":{"start":{"line":3,"column":0},"end":{"line":3,"column":35}},"3":{"start":{"line":4,"column":0},"end":{"line":4,"column":36}}},"s":{"0":1,"1":1,"2":1,"3":1},"branchMap":{},"b":{},"fnMap":{},"f":{}}
}
